Using pre-set license
Built from '2021.1/staging' branch; Version is '2021.1.3f1 (4bef613afd59) revision 4976481'; Using compiler version '192528614'; Build Type 'Release'
OS: 'Windows 10 Home; OS build 18363.1500; Version 1909; 64bit' Language: 'nl' Physical Memory: 16348 MB
BatchMode: 1, IsHumanControllingUs: 0, StartBugReporterOnCrash: 0, Is64bit: 1, IsPro: 0

 COMMAND LINE ARGUMENTS:
D:\Program Files\Unity\2021.1.3f1\Editor\Unity.exe
-adb2
-batchMode
-noUpm
-name
AssetImportWorker0
-projectPath
D:/Program Files/UnityProjects/Examen/ExamenGameDevelopment
-logFile
Logs/AssetImportWorker0.log
-srvPort
50686
Successfully changed project path to: D:/Program Files/UnityProjects/Examen/ExamenGameDevelopment
D:/Program Files/UnityProjects/Examen/ExamenGameDevelopment
Using Asset Import Pipeline V2.
Refreshing native plugins compatible for Editor in 197.48 ms, found 2 plugins.
Preloading 0 native plugins for Editor in 0.00 ms.
Initialize engine version: 2021.1.3f1 (4bef613afd59)
[Subsystems] Discovering subsystems at path D:/Program Files/Unity/2021.1.3f1/Editor/Data/Resources/UnitySubsystems
[Subsystems] Discovering subsystems at path D:/Program Files/UnityProjects/Examen/ExamenGameDevelopment/Assets
GfxDevice: creating device client; threaded=0; jobified=0
Direct3D:
    Version:  Direct3D 11.0 [level 11.1]
    Renderer: AMD Radeon RX 5700 XT (ID=0x731f)
    Vendor:   ATI
    VRAM:     8152 MB
    Driver:   27.20.14527.2002
Initialize mono
Mono path[0] = 'D:/Program Files/Unity/2021.1.3f1/Editor/Data/Managed'
Mono path[1] = 'D:/Program Files/Unity/2021.1.3f1/Editor/Data/MonoBleedingEdge/lib/mono/unityjit'
Mono config path = 'D:/Program Files/Unity/2021.1.3f1/Editor/Data/MonoBleedingEdge/etc'
Using monoOptions --debugger-agent=transport=dt_socket,embedding=1,server=y,suspend=n,address=127.0.0.1:56908
Begin MonoManager ReloadAssembly
Registering precompiled unity dll's ...
Register platform support module: D:/Program Files/Unity/2021.1.3f1/Editor/Data/PlaybackEngines/WebGLSupport/UnityEditor.WebGL.Extensions.dll
Register platform support module: D:/Program Files/Unity/2021.1.3f1/Editor/Data/PlaybackEngines/WindowsStandaloneSupport/UnityEditor.WindowsStandalone.Extensions.dll
Registered in 0.003801 seconds.
Native extension for WindowsStandalone target not found
Native extension for WebGL target not found
Refreshing native plugins compatible for Editor in 144.34 ms, found 2 plugins.
Preloading 0 native plugins for Editor in 0.00 ms.
Mono: successfully reloaded assembly
- Completed reload, in  1.847 seconds
Platform modules already initialized, skipping
Registering precompiled user dll's ...
Registered in 0.004044 seconds.
Begin MonoManager ReloadAssembly
Native extension for WindowsStandalone target not found
Native extension for WebGL target not found
Refreshing native plugins compatible for Editor in 195.67 ms, found 2 plugins.
Preloading 0 native plugins for Editor in 0.00 ms.
Mono: successfully reloaded assembly
- Completed reload, in  2.034 seconds
Platform modules already initialized, skipping
========================================================================
Worker process is ready to serve import requests
Launched and connected shader compiler UnityShaderCompiler.exe after 0.10 seconds
Refreshing native plugins compatible for Editor in 0.61 ms, found 2 plugins.
Preloading 0 native plugins for Editor in 0.00 ms.
Unloading 3370 Unused Serialized files (Serialized files now loaded: 0)
System memory in use before: 127.9 MB.
System memory in use after: 128.0 MB.

Unloading 29 unused Assets to reduce memory usage. Loaded Objects now: 3822.
Total: 3.554700 ms (FindLiveObjects: 0.422800 ms CreateObjectMapping: 0.505000 ms MarkObjects: 2.497400 ms  DeleteObjects: 0.127800 ms)

========================================================================
Received Import Request.
  path: Assets/Scenes
  artifactKey: Guid(e4030154300b90b409752da4687a6966) Importer(815301076,1909f56bfc062723c751e8b465ee728b)
Start importing Assets/Scenes using Guid(e4030154300b90b409752da4687a6966) Importer(815301076,1909f56bfc062723c751e8b465ee728b)  -> (artifact id: '58197b23c02b271080182dad246c0c2f') in 0.022972 seconds 
========================================================================
Received Import Request.
  Time since last request: 14.806538 seconds.
  path: Packages/com.unity.2d.spriteshape/package.json
  artifactKey: Guid(4eabc3d1ad1424372b03cfc117521e24) Importer(815301076,1909f56bfc062723c751e8b465ee728b)
Start importing Packages/com.unity.2d.spriteshape/package.json using Guid(4eabc3d1ad1424372b03cfc117521e24) Importer(815301076,1909f56bfc062723c751e8b465ee728b)  -> (artifact id: '52bf3f22009909a76ad7ad3cd3e6f20c') in 0.081070 seconds 
========================================================================
Received Import Request.
  Time since last request: 0.658425 seconds.
  path: Packages/com.unity.ext.nunit/package.json
  artifactKey: Guid(8143d3a8390f2c64685e3bc272bd9e90) Importer(815301076,1909f56bfc062723c751e8b465ee728b)
Start importing Packages/com.unity.ext.nunit/package.json using Guid(8143d3a8390f2c64685e3bc272bd9e90) Importer(815301076,1909f56bfc062723c751e8b465ee728b)  -> (artifact id: '7a6d4e89fee6d74bf6467a00fbea55d3') in 0.040893 seconds 
========================================================================
Received Import Request.
  Time since last request: 1.226103 seconds.
  path: Packages/com.unity.2d.tilemap/package.json
  artifactKey: Guid(51797d68d3132bb419217a229e09fc47) Importer(815301076,1909f56bfc062723c751e8b465ee728b)
Start importing Packages/com.unity.2d.tilemap/package.json using Guid(51797d68d3132bb419217a229e09fc47) Importer(815301076,1909f56bfc062723c751e8b465ee728b)  -> (artifact id: '7a487ec9cf348270668ad289bc0cb7ee') in 0.029060 seconds 
========================================================================
Received Import Request.
  Time since last request: 0.366593 seconds.
  path: Packages/com.unity.2d.sprite/package.json
  artifactKey: Guid(7dc5f1e5d04ac8549ac21802071e983b) Importer(815301076,1909f56bfc062723c751e8b465ee728b)
Start importing Packages/com.unity.2d.sprite/package.json using Guid(7dc5f1e5d04ac8549ac21802071e983b) Importer(815301076,1909f56bfc062723c751e8b465ee728b)  -> (artifact id: '06b1f40ec99db74ecd2408fe1721517d') in 0.021442 seconds 
========================================================================
Received Import Request.
  Time since last request: 9.970014 seconds.
  path: Packages/com.unity.ide.visualstudio/package.json
  artifactKey: Guid(656f74f6edaa396458412b9e3903d8cd) Importer(815301076,1909f56bfc062723c751e8b465ee728b)
Start importing Packages/com.unity.ide.visualstudio/package.json using Guid(656f74f6edaa396458412b9e3903d8cd) Importer(815301076,1909f56bfc062723c751e8b465ee728b)  -> (artifact id: 'fa8e05a6d4706ff0a39dbca6e30624d8') in 0.024770 seconds 
========================================================================
Received Import Request.
  Time since last request: 0.750547 seconds.
  path: Packages/com.unity.visualscripting/package.json
  artifactKey: Guid(545a9d2bc7370224f8d14c22f2f580e0) Importer(815301076,1909f56bfc062723c751e8b465ee728b)
Start importing Packages/com.unity.visualscripting/package.json using Guid(545a9d2bc7370224f8d14c22f2f580e0) Importer(815301076,1909f56bfc062723c751e8b465ee728b)  -> (artifact id: '77328fd7ad254e92942847b57a4bbdde') in 0.024507 seconds 
========================================================================
Received Import Request.
  Time since last request: 0.958956 seconds.
  path: Packages/com.unity.ide.vscode/package.json
  artifactKey: Guid(ffc6271f08270b64ca0aae9c49235d81) Importer(815301076,1909f56bfc062723c751e8b465ee728b)
Start importing Packages/com.unity.ide.vscode/package.json using Guid(ffc6271f08270b64ca0aae9c49235d81) Importer(815301076,1909f56bfc062723c751e8b465ee728b)  -> (artifact id: '00a33f4d0a68fcd359f7909eb396ab95') in 0.013765 seconds 
========================================================================
Received Import Request.
  Time since last request: 1.677629 seconds.
  path: Packages/com.unity.timeline/package.json
  artifactKey: Guid(13a9c1b4df2e489e8eb9cacca7429596) Importer(815301076,1909f56bfc062723c751e8b465ee728b)
Start importing Packages/com.unity.timeline/package.json using Guid(13a9c1b4df2e489e8eb9cacca7429596) Importer(815301076,1909f56bfc062723c751e8b465ee728b)  -> (artifact id: '369d1798b8c3140ac3c1dca1456031d8') in 0.018443 seconds 
========================================================================
Received Import Request.
  Time since last request: 0.558061 seconds.
  path: Packages/com.unity.textmeshpro/package.json
  artifactKey: Guid(220e9325710f4235a43492dd1ee4980d) Importer(815301076,1909f56bfc062723c751e8b465ee728b)
Start importing Packages/com.unity.textmeshpro/package.json using Guid(220e9325710f4235a43492dd1ee4980d) Importer(815301076,1909f56bfc062723c751e8b465ee728b)  -> (artifact id: '31cd1d301e7cb24aac9cc6e12e163f3e') in 0.026566 seconds 
========================================================================
Received Import Request.
  Time since last request: 0.559930 seconds.
  path: Packages/com.unity.test-framework/package.json
  artifactKey: Guid(d6a2e6e4803de7b43baacdc355fc144d) Importer(815301076,1909f56bfc062723c751e8b465ee728b)
Start importing Packages/com.unity.test-framework/package.json using Guid(d6a2e6e4803de7b43baacdc355fc144d) Importer(815301076,1909f56bfc062723c751e8b465ee728b)  -> (artifact id: '5df6e72da1c05abfd98a9f40ea0f270c') in 0.025521 seconds 
========================================================================
Received Import Request.
  Time since last request: 0.550329 seconds.
  path: Packages/com.unity.mathematics/package.json
  artifactKey: Guid(d34d0af25c21141a98c0cf3c0066444f) Importer(815301076,1909f56bfc062723c751e8b465ee728b)
Start importing Packages/com.unity.mathematics/package.json using Guid(d34d0af25c21141a98c0cf3c0066444f) Importer(815301076,1909f56bfc062723c751e8b465ee728b)  -> (artifact id: '626d7fc2615ae09f05bd4b462c1c7536') in 0.017851 seconds 
========================================================================
Received Import Request.
  Time since last request: 0.967924 seconds.
  path: Packages/com.unity.ide.rider/package.json
  artifactKey: Guid(66c95bb3c74257f41bae2622511dc02d) Importer(815301076,1909f56bfc062723c751e8b465ee728b)
Start importing Packages/com.unity.ide.rider/package.json using Guid(66c95bb3c74257f41bae2622511dc02d) Importer(815301076,1909f56bfc062723c751e8b465ee728b)  -> (artifact id: '8165b5ee375668cd3b23823730bd9a9e') in 0.022730 seconds 
========================================================================
Received Import Request.
  Time since last request: 3.274307 seconds.
  path: Packages/com.unity.ide.rider/Rider
  artifactKey: Guid(9129183a42052cd43b9c284d6dbd541e) Importer(815301076,1909f56bfc062723c751e8b465ee728b)
Start importing Packages/com.unity.ide.rider/Rider using Guid(9129183a42052cd43b9c284d6dbd541e) Importer(815301076,1909f56bfc062723c751e8b465ee728b)  -> (artifact id: '30e2daa777cc06d8efad4eda05700e56') in 0.016063 seconds 
========================================================================
Received Import Request.
  Time since last request: 14.966517 seconds.
  path: Packages/com.unity.2d.animation
  artifactKey: Guid(bb5c94055a953b6081dfc49350569eb1) Importer(815301076,1909f56bfc062723c751e8b465ee728b)
Start importing Packages/com.unity.2d.animation using Guid(bb5c94055a953b6081dfc49350569eb1) Importer(815301076,1909f56bfc062723c751e8b465ee728b)  -> (artifact id: '9b192826e83ef9483bc26de3c9be3aa9') in 0.017317 seconds 
========================================================================
Received Import Request.
  Time since last request: 0.357120 seconds.
  path: Packages/com.unity.2d.common
  artifactKey: Guid(a5dcdac2498697dc1122d527a3e49621) Importer(815301076,1909f56bfc062723c751e8b465ee728b)
Start importing Packages/com.unity.2d.common using Guid(a5dcdac2498697dc1122d527a3e49621) Importer(815301076,1909f56bfc062723c751e8b465ee728b)  -> (artifact id: 'b024ea6e1eda3afc3eedb88afd6b5fda') in 0.014944 seconds 
========================================================================
Received Import Request.
  Time since last request: 0.691797 seconds.
  path: Packages/com.unity.2d.path
  artifactKey: Guid(b408cb5710d3960a737996681ad0c300) Importer(815301076,1909f56bfc062723c751e8b465ee728b)
Start importing Packages/com.unity.2d.path using Guid(b408cb5710d3960a737996681ad0c300) Importer(815301076,1909f56bfc062723c751e8b465ee728b)  -> (artifact id: '36d5e881d31565bbd78d635caf647087') in 0.009809 seconds 
========================================================================
Received Import Request.
  Time since last request: 0.423767 seconds.
  path: Packages/com.unity.2d.pixel-perfect
  artifactKey: Guid(915dabe870142d4eb34a5dbf62d6df68) Importer(815301076,1909f56bfc062723c751e8b465ee728b)
Start importing Packages/com.unity.2d.pixel-perfect using Guid(915dabe870142d4eb34a5dbf62d6df68) Importer(815301076,1909f56bfc062723c751e8b465ee728b)  -> (artifact id: '7ac1c219b67d01cc3071810c916b6589') in 0.012290 seconds 
========================================================================
Received Import Request.
  Time since last request: 0.438800 seconds.
  path: Packages/com.unity.2d.psdimporter
  artifactKey: Guid(89fcc900e56380574db74dc98ed08bf1) Importer(815301076,1909f56bfc062723c751e8b465ee728b)
Start importing Packages/com.unity.2d.psdimporter using Guid(89fcc900e56380574db74dc98ed08bf1) Importer(815301076,1909f56bfc062723c751e8b465ee728b)  -> (artifact id: '888e81a853f7d5b7dc66ed8bffa95bb0') in 0.010332 seconds 
========================================================================
Received Import Request.
  Time since last request: 0.941256 seconds.
  path: Packages/com.unity.2d.sprite
  artifactKey: Guid(0901a6b758d060e9422c4f8d588d5895) Importer(815301076,1909f56bfc062723c751e8b465ee728b)
Start importing Packages/com.unity.2d.sprite using Guid(0901a6b758d060e9422c4f8d588d5895) Importer(815301076,1909f56bfc062723c751e8b465ee728b)  -> (artifact id: '27b687dd47ff67fa8e51d78d59d6860c') in 0.008619 seconds 
========================================================================
Received Import Request.
  Time since last request: 0.463272 seconds.
  path: Packages/com.unity.2d.spriteshape
  artifactKey: Guid(9f9e809966b8f16f626c5fa29105d97a) Importer(815301076,1909f56bfc062723c751e8b465ee728b)
Start importing Packages/com.unity.2d.spriteshape using Guid(9f9e809966b8f16f626c5fa29105d97a) Importer(815301076,1909f56bfc062723c751e8b465ee728b)  -> (artifact id: '4b72cf40465598a3cbc53c485485b5eb') in 0.008619 seconds 
========================================================================
Received Import Request.
  Time since last request: 0.422081 seconds.
  path: Packages/com.unity.2d.tilemap
  artifactKey: Guid(4e00cf00a7281e0d7ee16a9f76f3c3bb) Importer(815301076,1909f56bfc062723c751e8b465ee728b)
Start importing Packages/com.unity.2d.tilemap using Guid(4e00cf00a7281e0d7ee16a9f76f3c3bb) Importer(815301076,1909f56bfc062723c751e8b465ee728b)  -> (artifact id: '2c1ea79ec60118b2766af0945751a95e') in 0.021747 seconds 
========================================================================
Received Import Request.
  Time since last request: 0.420619 seconds.
  path: Packages/com.unity.ext.nunit
  artifactKey: Guid(25a477c2f24db8778a4179421a32cc21) Importer(815301076,1909f56bfc062723c751e8b465ee728b)
Start importing Packages/com.unity.ext.nunit using Guid(25a477c2f24db8778a4179421a32cc21) Importer(815301076,1909f56bfc062723c751e8b465ee728b)  -> (artifact id: '982fcd05232cdcbc65689c589869ad84') in 0.010587 seconds 
========================================================================
Received Import Request.
  Time since last request: 0.968006 seconds.
  path: Packages/com.unity.ide.rider
  artifactKey: Guid(ea5aa18a49e4f29d74984ea0ea11a238) Importer(815301076,1909f56bfc062723c751e8b465ee728b)
Start importing Packages/com.unity.ide.rider using Guid(ea5aa18a49e4f29d74984ea0ea11a238) Importer(815301076,1909f56bfc062723c751e8b465ee728b)  -> (artifact id: 'fe6913571c2230cc683d99a85435a7fb') in 0.008119 seconds 
========================================================================
Received Import Request.
  Time since last request: 0.391732 seconds.
  path: Packages/com.unity.mathematics
  artifactKey: Guid(795e97ad99e2f6ffd2060ae1983b6f25) Importer(815301076,1909f56bfc062723c751e8b465ee728b)
Start importing Packages/com.unity.mathematics using Guid(795e97ad99e2f6ffd2060ae1983b6f25) Importer(815301076,1909f56bfc062723c751e8b465ee728b)  -> (artifact id: 'e83b7e37298b1405834f9af7ed280280') in 0.007639 seconds 
========================================================================
Received Import Request.
  Time since last request: 0.370208 seconds.
  path: Packages/com.unity.test-framework
  artifactKey: Guid(6023f2b823fc19b4e4a90875281ff117) Importer(815301076,1909f56bfc062723c751e8b465ee728b)
Start importing Packages/com.unity.test-framework using Guid(6023f2b823fc19b4e4a90875281ff117) Importer(815301076,1909f56bfc062723c751e8b465ee728b)  -> (artifact id: '95b8dd65098291cb0e1cd6a77d5087ac') in 0.014849 seconds 
========================================================================
Received Import Request.
  Time since last request: 0.332573 seconds.
  path: Packages/com.unity.textmeshpro
  artifactKey: Guid(cabaa672b0e3ee91fa7b6da4daab7970) Importer(815301076,1909f56bfc062723c751e8b465ee728b)
Start importing Packages/com.unity.textmeshpro using Guid(cabaa672b0e3ee91fa7b6da4daab7970) Importer(815301076,1909f56bfc062723c751e8b465ee728b)  -> (artifact id: '533f18419762bfc213c5a9781779af1a') in 0.008001 seconds 
========================================================================
Received Import Request.
  Time since last request: 1.047759 seconds.
  path: Packages/com.unity.timeline
  artifactKey: Guid(a4610cf559d77b9f256416d9ccaeac55) Importer(815301076,1909f56bfc062723c751e8b465ee728b)
Start importing Packages/com.unity.timeline using Guid(a4610cf559d77b9f256416d9ccaeac55) Importer(815301076,1909f56bfc062723c751e8b465ee728b)  -> (artifact id: '292bc6f7b498786afbdb8119282266cc') in 0.007550 seconds 
========================================================================
Received Import Request.
  Time since last request: 0.410671 seconds.
  path: Packages/com.unity.collab-proxy
  artifactKey: Guid(1adad61bfb44214ee3e887b5febc4396) Importer(815301076,1909f56bfc062723c751e8b465ee728b)
Start importing Packages/com.unity.collab-proxy using Guid(1adad61bfb44214ee3e887b5febc4396) Importer(815301076,1909f56bfc062723c751e8b465ee728b)  -> (artifact id: 'b928a9ff67980203b8480ec5c1bb134a') in 0.012616 seconds 
========================================================================
Received Import Request.
  Time since last request: 0.362698 seconds.
  path: Packages/com.unity.ugui
  artifactKey: Guid(8f7652e09069a1943278893d4264401e) Importer(815301076,1909f56bfc062723c751e8b465ee728b)
Start importing Packages/com.unity.ugui using Guid(8f7652e09069a1943278893d4264401e) Importer(815301076,1909f56bfc062723c751e8b465ee728b)  -> (artifact id: '5d993d136c8f7de6e4d0d5a15e79e2f0') in 0.011415 seconds 
========================================================================
Received Import Request.
  Time since last request: 0.346660 seconds.
  path: Packages/com.unity.visualscripting
  artifactKey: Guid(93868626a0cf5222c7337ca621f54253) Importer(815301076,1909f56bfc062723c751e8b465ee728b)
Start importing Packages/com.unity.visualscripting using Guid(93868626a0cf5222c7337ca621f54253) Importer(815301076,1909f56bfc062723c751e8b465ee728b)  -> (artifact id: '0d17107f1b80867d2b66c75d63a0b244') in 0.007459 seconds 
========================================================================
Received Import Request.
  Time since last request: 1.000605 seconds.
  path: Packages/com.unity.ide.vscode
  artifactKey: Guid(1c61a04a5b7737c4d16673d64be4194e) Importer(815301076,1909f56bfc062723c751e8b465ee728b)
Start importing Packages/com.unity.ide.vscode using Guid(1c61a04a5b7737c4d16673d64be4194e) Importer(815301076,1909f56bfc062723c751e8b465ee728b)  -> (artifact id: '615db7d226316af983f81d12c205ed17') in 0.009020 seconds 
========================================================================
Received Import Request.
  Time since last request: 0.413216 seconds.
  path: Packages/com.unity.ide.visualstudio
  artifactKey: Guid(9db636ca49aa246019dd93b7c8b689f4) Importer(815301076,1909f56bfc062723c751e8b465ee728b)
Start importing Packages/com.unity.ide.visualstudio using Guid(9db636ca49aa246019dd93b7c8b689f4) Importer(815301076,1909f56bfc062723c751e8b465ee728b)  -> (artifact id: '7a25133a25598096cb0c12d69edbb35a') in 0.011238 seconds 
========================================================================
Received Import Request.
  Time since last request: 1257.980470 seconds.
  path: Assets
  artifactKey: Guid(00000000000000001000000000000000) Importer(815301076,1909f56bfc062723c751e8b465ee728b)
Start importing Assets using Guid(00000000000000001000000000000000) Importer(815301076,1909f56bfc062723c751e8b465ee728b)  -> (artifact id: 'efcc68737208a1d7a8581e190ec11b99') in 0.015391 seconds 
========================================================================
Received Import Request.
  Time since last request: 18.902198 seconds.
  path: Assets/Sprites
  artifactKey: Guid(f7d8d0f35097a7445ba9803a176fdbf0) Importer(815301076,1909f56bfc062723c751e8b465ee728b)
Start importing Assets/Sprites using Guid(f7d8d0f35097a7445ba9803a176fdbf0) Importer(815301076,1909f56bfc062723c751e8b465ee728b)  -> (artifact id: '4c09854dc999312dd10c7bbdc99438d2') in 0.013306 seconds 
========================================================================
Received Import Request.
  Time since last request: 21.478879 seconds.
  path: Assets/CompanyLogo
  artifactKey: Guid(e7e0671f759227f4295ee3c77dcd6eb2) Importer(815301076,1909f56bfc062723c751e8b465ee728b)
Start importing Assets/CompanyLogo using Guid(e7e0671f759227f4295ee3c77dcd6eb2) Importer(815301076,1909f56bfc062723c751e8b465ee728b)  -> (artifact id: 'bd2562ce45f3d551ffe0436dd70b7070') in 0.008204 seconds 
========================================================================
Received Import Request.
  Time since last request: 58.767353 seconds.
  path: Assets/CompanyLogo/Logos
  artifactKey: Guid(746486223e6d93445bad30c2ca89da45) Importer(815301076,1909f56bfc062723c751e8b465ee728b)
Start importing Assets/CompanyLogo/Logos using Guid(746486223e6d93445bad30c2ca89da45) Importer(815301076,1909f56bfc062723c751e8b465ee728b)  -> (artifact id: 'c78056b5ae909c036b69d5b467043e32') in 0.009227 seconds 
========================================================================
Received Import Request.
  Time since last request: 0.044808 seconds.
  path: Assets/CompanyLogo/Logos/Bijlage 2 - Logo - onder..png
  artifactKey: Guid(5e92d8f9d7ab6ed42a6047f2376b3f3f) Importer(815301076,1909f56bfc062723c751e8b465ee728b)
Start importing Assets/CompanyLogo/Logos/Bijlage 2 - Logo - onder..png using Guid(5e92d8f9d7ab6ed42a6047f2376b3f3f) Importer(815301076,1909f56bfc062723c751e8b465ee728b)  -> (artifact id: '85fe672fb7e690a898e2a8c48f97ada0') in 0.155840 seconds 
========================================================================
Received Import Request.
  Time since last request: 0.000177 seconds.
  path: Assets/CompanyLogo/Logos/Bijlage 2 - Logo zonder text.png
  artifactKey: Guid(2d6c32fa4f4a20c48aa7242bdbfd54f8) Importer(815301076,1909f56bfc062723c751e8b465ee728b)
Start importing Assets/CompanyLogo/Logos/Bijlage 2 - Logo zonder text.png using Guid(2d6c32fa4f4a20c48aa7242bdbfd54f8) Importer(815301076,1909f56bfc062723c751e8b465ee728b)  -> (artifact id: '2404606ec8c20b1e5ad6c9dd8efcd227') in 0.033059 seconds 
========================================================================
Received Import Request.
  Time since last request: 0.000170 seconds.
  path: Assets/CompanyLogo/Logos/Bijlage 2 - Logo.png
  artifactKey: Guid(b95fd0dd6d803d6499312bd4751c1555) Importer(815301076,1909f56bfc062723c751e8b465ee728b)
Start importing Assets/CompanyLogo/Logos/Bijlage 2 - Logo.png using Guid(b95fd0dd6d803d6499312bd4751c1555) Importer(815301076,1909f56bfc062723c751e8b465ee728b)  -> (artifact id: '59f17a829add043e6939582bbd8cf85c') in 0.033461 seconds 
========================================================================
Received Import Request.
  Time since last request: 209.414206 seconds.
  path: Assets/Scripts
  artifactKey: Guid(c7a2ba3d35567ef4aaf6841c20746ea1) Importer(815301076,1909f56bfc062723c751e8b465ee728b)
Start importing Assets/Scripts using Guid(c7a2ba3d35567ef4aaf6841c20746ea1) Importer(815301076,1909f56bfc062723c751e8b465ee728b)  -> (artifact id: 'c1c33eb6eb81040ef5ead3b24d12ccf4') in 0.014632 seconds 
========================================================================
Received Import Request.
  Time since last request: 15.943820 seconds.
  path: Assets/Scripts/PlayerMovement.cs
  artifactKey: Guid(7be56930208f268449807882fc0fb2b9) Importer(815301076,1909f56bfc062723c751e8b465ee728b)
Start importing Assets/Scripts/PlayerMovement.cs using Guid(7be56930208f268449807882fc0fb2b9) Importer(815301076,1909f56bfc062723c751e8b465ee728b)  -> (artifact id: '85f5367c297492d823b4e7c525152247') in 0.026815 seconds 
========================================================================
Received Prepare
Registering precompiled user dll's ...
Registered in 0.003207 seconds.
Begin MonoManager ReloadAssembly
Native extension for WindowsStandalone target not found
Native extension for WebGL target not found
Refreshing native plugins compatible for Editor in 1.09 ms, found 2 plugins.
Preloading 0 native plugins for Editor in 0.00 ms.
Mono: successfully reloaded assembly
- Completed reload, in  2.305 seconds
Platform modules already initialized, skipping
Refreshing native plugins compatible for Editor in 0.62 ms, found 2 plugins.
Preloading 0 native plugins for Editor in 0.00 ms.
Unloading 3369 Unused Serialized files (Serialized files now loaded: 0)
System memory in use before: 171.0 MB.
System memory in use after: 171.1 MB.

Unloading 17 unused Assets to reduce memory usage. Loaded Objects now: 3880.
Total: 4.531900 ms (FindLiveObjects: 0.352800 ms CreateObjectMapping: 0.320900 ms MarkObjects: 3.762700 ms  DeleteObjects: 0.094600 ms)

========================================================================
Received Import Request.
  Time since last request: 2004.845580 seconds.
  path: Assets/CompanyLogo/Logos/Bijlage 2 - Logo - onder.svg
  artifactKey: Guid(9f640515cfe18f24f8de19f2df6ad8d9) Importer(815301076,1909f56bfc062723c751e8b465ee728b)
Start importing Assets/CompanyLogo/Logos/Bijlage 2 - Logo - onder.svg using Guid(9f640515cfe18f24f8de19f2df6ad8d9) Importer(815301076,1909f56bfc062723c751e8b465ee728b)  -> (artifact id: '91adcf63369899ba43f6e3b94e2273b9') in 0.043036 seconds 
========================================================================
Received Import Request.
  Time since last request: 10.757600 seconds.
  path: Assets/CompanyLogo/Logos/Bijlage 2 - Logo zonder text.svg
  artifactKey: Guid(f7a7f848e34c5064a97ad98642b514a9) Importer(815301076,1909f56bfc062723c751e8b465ee728b)
Start importing Assets/CompanyLogo/Logos/Bijlage 2 - Logo zonder text.svg using Guid(f7a7f848e34c5064a97ad98642b514a9) Importer(815301076,1909f56bfc062723c751e8b465ee728b)  -> (artifact id: '26ccd46ec94c26437f5ff9fc37e2f433') in 0.008702 seconds 
AssetImportWorkerClient::OnTransportError - code=2 error=End of file
